2014/10/13 10:19:46 [error] [exception.CHttpException.404] exception 'CHttpException' with message 'The system is unable to find the requested action "quelist".' in E:\yiiTest\framework\web\CController.php:477
Stack trace:
#0 E:\yiiTest\framework\web\CController.php(262): CController->missingAction('quelist')
#1 E:\yiiTest\framework\web\CWebApplication.php(328): CController->run('quelist')
#2 E:\yiiTest\framework\web\CWebApplication.php(121): CWebApplication->runController('quelist/quelist')
#3 E:\yiiTest\framework\base\CApplication.php(155): CWebApplication->processRequest()
#4 E:\yiiTest\app\index.php(13): CApplication->run()
#5 {main} REQUEST_URI=/index.php/quelist/quelist
2014/10/13 10:20:40 [error] [exception.CHttpException.404] exception 'CHttpException' with message 'The system is unable to find the requested action "quelist".' in E:\yiiTest\framework\web\CController.php:477
Stack trace:
#0 E:\yiiTest\framework\web\CController.php(262): CController->missingAction('quelist')
#1 E:\yiiTest\framework\web\CWebApplication.php(328): CController->run('quelist')
#2 E:\yiiTest\framework\web\CWebApplication.php(121): CWebApplication->runController('quelist/quelist')
#3 E:\yiiTest\framework\base\CApplication.php(155): CWebApplication->processRequest()
#4 E:\yiiTest\app\index.php(13): CApplication->run()
#5 {main} REQUEST_URI=/index.php/quelist/quelist
2014/10/13 10:20:46 [error] [exception.CException] exception 'CException' with message 'Property "quelistController.titleTail" is not defined.' in E:\yiiTest\framework\base\CComponent.php:131
Stack trace:
#0 E:\yiiTest\app\protected\views\quelist\quelist.php(2): CComponent->__get('titleTail')
#1 E:\yiiTest\framework\web\CBaseController.php(119): require('E:\yiiTest\app\...')
#2 E:\yiiTest\framework\web\CBaseController.php(88): CBaseController->renderInternal('E:\yiiTest\app\...', NULL, true)
#3 E:\yiiTest\framework\web\CController.php(866): CBaseController->renderFile('E:\yiiTest\app\...', NULL, true)
#4 E:\yiiTest\framework\web\CController.php(779): CController->renderPartial('quelist', NULL, true)
#5 E:\yiiTest\app\protected\controllers\quelistController.php(6): CController->render('quelist')
#6 E:\yiiTest\framework\web\actions\CInlineAction.php(50): quelistController->actionIndex()
#7 E:\yiiTest\framework\web\CController.php(300): CInlineAction->runWithParams(Array)
#8 E:\yiiTest\framework\web\CController.php(278): CController->runAction(Object(CInlineAction))
#9 E:\yiiTest\framework\web\CController.php(257): CController->runActionWithFilters(Object(CInlineAction), Array)
#10 E:\yiiTest\framework\web\CWebApplication.php(328): CController->run('index')
#11 E:\yiiTest\framework\web\CWebApplication.php(121): CWebApplication->runController('quelist/index')
#12 E:\yiiTest\framework\base\CApplication.php(155): CWebApplication->processRequest()
#13 E:\yiiTest\app\index.php(13): CApplication->run()
#14 {main} REQUEST_URI=/index.php/quelist/index
2014/10/13 10:28:46 [error] [php] include(TbHtml.php): failed to open stream: No such file or directory (E:\yiiTest\framework\YiiBase.php:396)
Stack trace:
#0 E:\yiiTest\app\protected\views\quelist\quelist.php(15): spl_autoload_call()
#1 E:\yiiTest\framework\web\CBaseController.php(119): require()
#2 E:\yiiTest\framework\web\CBaseController.php(88): quelistController->renderInternal()
#3 E:\yiiTest\framework\web\CController.php(866): quelistController->renderFile()
#4 E:\yiiTest\framework\web\CController.php(779): quelistController->renderPartial()
#5 E:\yiiTest\app\protected\controllers\quelistController.php(6): quelistController->render()
#6 E:\yiiTest\framework\web\actions\CInlineAction.php(50): quelistController->actionIndex()
#7 E:\yiiTest\framework\web\CController.php(300): CInlineAction->runWithParams()
#8 E:\yiiTest\framework\web\CController.php(278): quelistController->runAction()
#9 E:\yiiTest\framework\web\CController.php(257): quelistController->runActionWithFilters()
#10 E:\yiiTest\framework\web\CWebApplication.php(328): quelistController->run()
#11 E:\yiiTest\framework\web\CWebApplication.php(121): CWebApplication->runController()
#12 E:\yiiTest\framework\base\CApplication.php(155): CWebApplication->processRequest()
#13 E:\yiiTest\app\index.php(13): CWebApplication->run()
REQUEST_URI=/index.php/quelist/index
in E:\yiiTest\app\protected\views\quelist\quelist.php (15)
in E:\yiiTest\app\protected\controllers\quelistController.php (6)
in E:\yiiTest\app\index.php (13)
2014/10/13 10:42:33 [error] [php] include(TbHtml.php): failed to open stream: No such file or directory (E:\yiiTest\framework\YiiBase.php:396)
Stack trace:
#0 E:\yiiTest\app\protected\views\quelist\quelist.php(15): spl_autoload_call()
#1 E:\yiiTest\framework\web\CBaseController.php(119): require()
#2 E:\yiiTest\framework\web\CBaseController.php(88): quelistController->renderInternal()
#3 E:\yiiTest\framework\web\CController.php(866): quelistController->renderFile()
#4 E:\yiiTest\framework\web\CController.php(779): quelistController->renderPartial()
#5 E:\yiiTest\app\protected\controllers\quelistController.php(6): quelistController->render()
#6 E:\yiiTest\framework\web\actions\CInlineAction.php(50): quelistController->actionIndex()
#7 E:\yiiTest\framework\web\CController.php(300): CInlineAction->runWithParams()
#8 E:\yiiTest\framework\web\CController.php(278): quelistController->runAction()
#9 E:\yiiTest\framework\web\CController.php(257): quelistController->runActionWithFilters()
#10 E:\yiiTest\framework\web\CWebApplication.php(328): quelistController->run()
#11 E:\yiiTest\framework\web\CWebApplication.php(121): CWebApplication->runController()
#12 E:\yiiTest\framework\base\CApplication.php(155): CWebApplication->processRequest()
#13 E:\yiiTest\app\index.php(13): CWebApplication->run()
REQUEST_URI=/index.php/quelist/index
in E:\yiiTest\app\protected\views\quelist\quelist.php (15)
in E:\yiiTest\app\protected\controllers\quelistController.php (6)
in E:\yiiTest\app\index.php (13)
2014/10/13 10:43:09 [error] [php] Invalid argument supplied for foreach() (E:\yiiTest\framework\web\helpers\CHtml.php:1657)
Stack trace:
#0 E:\yiiTest\framework\web\CBaseController.php(88): quelistController->renderInternal()
#1 E:\yiiTest\framework\web\CController.php(866): quelistController->renderFile()
#2 E:\yiiTest\framework\web\CController.php(779): quelistController->renderPartial()
#3 E:\yiiTest\app\protected\controllers\quelistController.php(6): quelistController->render()
#4 E:\yiiTest\framework\web\actions\CInlineAction.php(50): quelistController->actionIndex()
#5 E:\yiiTest\framework\web\CController.php(300): CInlineAction->runWithParams()
#6 E:\yiiTest\framework\web\CController.php(278): quelistController->runAction()
#7 E:\yiiTest\framework\web\CController.php(257): quelistController->runActionWithFilters()
#8 E:\yiiTest\framework\web\CWebApplication.php(328): quelistController->run()
#9 E:\yiiTest\framework\web\CWebApplication.php(121): CWebApplication->runController()
#10 E:\yiiTest\framework\base\CApplication.php(155): CWebApplication->processRequest()
#11 E:\yiiTest\app\index.php(13): CWebApplication->run()
REQUEST_URI=/index.php/quelist/index
in E:\yiiTest\app\protected\views\quelist\quelist.php (23)
in E:\yiiTest\app\protected\controllers\quelistController.php (6)
in E:\yiiTest\app\index.php (13)
2014/10/13 10:47:48 [error] [exception.CException] exception 'CException' with message 'Alias "bootstrap.widgets.TbGridView" is invalid. Make sure it points to an existing directory or file.' in E:\yiiTest\framework\YiiBase.php:336
Stack trace:
#0 E:\yiiTest\framework\web\CWidgetFactory.php(147): YiiBase::import('bootstrap.widge...', true)
#1 E:\yiiTest\framework\web\CBaseController.php(139): CWidgetFactory->createWidget(Object(quelistController), 'bootstrap.widge...', Array)
#2 E:\yiiTest\framework\web\CBaseController.php(165): CBaseController->createWidget('bootstrap.widge...', Array)
#3 E:\yiiTest\app\protected\views\quelist\quelist.php(36): CBaseController->widget('bootstrap.widge...', Array)
#4 E:\yiiTest\framework\web\CBaseController.php(119): require('E:\yiiTest\app\...')
#5 E:\yiiTest\framework\web\CBaseController.php(88): CBaseController->renderInternal('E:\yiiTest\app\...', NULL, true)
#6 E:\yiiTest\framework\web\CController.php(866): CBaseController->renderFile('E:\yiiTest\app\...', NULL, true)
#7 E:\yiiTest\framework\web\CController.php(779): CController->renderPartial('quelist', NULL, true)
#8 E:\yiiTest\app\protected\controllers\quelistController.php(6): CController->render('quelist')
#9 E:\yiiTest\framework\web\actions\CInlineAction.php(50): quelistController->actionIndex()
#10 E:\yiiTest\framework\web\CController.php(300): CInlineAction->runWithParams(Array)
#11 E:\yiiTest\framework\web\CController.php(278): CController->runAction(Object(CInlineAction))
#12 E:\yiiTest\framework\web\CController.php(257): CController->runActionWithFilters(Object(CInlineAction), Array)
#13 E:\yiiTest\framework\web\CWebApplication.php(328): CController->run('index')
#14 E:\yiiTest\framework\web\CWebApplication.php(121): CWebApplication->runController('quelist/index')
#15 E:\yiiTest\framework\base\CApplication.php(155): CWebApplication->processRequest()
#16 E:\yiiTest\app\index.php(13): CApplication->run()
#17 {main} REQUEST_URI=/index.php/quelist/index
2014/10/14 01:45:34 [error] [exception.CException] exception 'CException' with message 'The "dataProvider" property cannot be empty.' in E:\yiiTest\framework\zii\widgets\CBaseListView.php:103
Stack trace:
#0 E:\yiiTest\framework\zii\widgets\grid\CGridView.php(258): CBaseListView->init()
#1 E:\yiiTest\app\protected\extensions\bootstrap\widgets\TbGridView.php(50): CGridView->init()
#2 E:\yiiTest\framework\web\CBaseController.php(140): TbGridView->init()
#3 E:\yiiTest\framework\web\CBaseController.php(165): CBaseController->createWidget('bootstrap.widge...', Array)
#4 E:\yiiTest\app\protected\views\quelist\quelist.php(36): CBaseController->widget('bootstrap.widge...', Array)
#5 E:\yiiTest\framework\web\CBaseController.php(119): require('E:\yiiTest\app\...')
#6 E:\yiiTest\framework\web\CBaseController.php(88): CBaseController->renderInternal('E:\yiiTest\app\...', NULL, true)
#7 E:\yiiTest\framework\web\CController.php(866): CBaseController->renderFile('E:\yiiTest\app\...', NULL, true)
#8 E:\yiiTest\framework\web\CController.php(779): CController->renderPartial('quelist', NULL, true)
#9 E:\yiiTest\app\protected\controllers\quelistController.php(6): CController->render('quelist')
#10 E:\yiiTest\framework\web\actions\CInlineAction.php(50): quelistController->actionIndex()
#11 E:\yiiTest\framework\web\CController.php(300): CInlineAction->runWithParams(Array)
#12 E:\yiiTest\framework\web\CController.php(278): CController->runAction(Object(CInlineAction))
#13 E:\yiiTest\framework\web\CController.php(257): CController->runActionWithFilters(Object(CInlineAction), Array)
#14 E:\yiiTest\framework\web\CWebApplication.php(328): CController->run('index')
#15 E:\yiiTest\framework\web\CWebApplication.php(121): CWebApplication->runController('quelist/index')
#16 E:\yiiTest\framework\base\CApplication.php(155): CWebApplication->processRequest()
#17 E:\yiiTest\app\index.php(13): CApplication->run()
#18 {main} REQUEST_URI=/index.php/quelist/index
2014/10/14 01:47:01 [error] [exception.CException] exception 'CException' with message 'Property "TbGridView.0" is not defined.' in E:\yiiTest\framework\base\CComponent.php:173
Stack trace:
#0 E:\yiiTest\framework\web\CWidgetFactory.php(162): CComponent->__set('0', Array)
#1 E:\yiiTest\framework\web\CBaseController.php(139): CWidgetFactory->createWidget(Object(quelistController), 'bootstrap.widge...', Array)
#2 E:\yiiTest\framework\web\CBaseController.php(165): CBaseController->createWidget('bootstrap.widge...', Array)
#3 E:\yiiTest\app\protected\views\quelist\quelist.php(19): CBaseController->widget('bootstrap.widge...', Array)
#4 E:\yiiTest\framework\web\CBaseController.php(119): require('E:\yiiTest\app\...')
#5 E:\yiiTest\framework\web\CBaseController.php(88): CBaseController->renderInternal('E:\yiiTest\app\...', NULL, true)
#6 E:\yiiTest\framework\web\CController.php(866): CBaseController->renderFile('E:\yiiTest\app\...', NULL, true)
#7 E:\yiiTest\framework\web\CController.php(779): CController->renderPartial('quelist', NULL, true)
#8 E:\yiiTest\app\protected\controllers\quelistController.php(6): CController->render('quelist')
#9 E:\yiiTest\framework\web\actions\CInlineAction.php(50): quelistController->actionIndex()
#10 E:\yiiTest\framework\web\CController.php(300): CInlineAction->runWithParams(Array)
#11 E:\yiiTest\framework\web\CController.php(278): CController->runAction(Object(CInlineAction))
#12 E:\yiiTest\framework\web\CController.php(257): CController->runActionWithFilters(Object(CInlineAction), Array)
#13 E:\yiiTest\framework\web\CWebApplication.php(328): CController->run('index')
#14 E:\yiiTest\framework\web\CWebApplication.php(121): CWebApplication->runController('quelist/index')
#15 E:\yiiTest\framework\base\CApplication.php(155): CWebApplication->processRequest()
#16 E:\yiiTest\app\index.php(13): CApplication->run()
#17 {main} REQUEST_URI=/index.php/quelist/index
2014/10/30 07:27:53 [error] [php] Invalid argument supplied for foreach() (E:\yiiTest\framework\web\helpers\CHtml.php:1657)
Stack trace:
#0 E:\yiiTest\framework\web\CBaseController.php(88): quelistController->renderInternal()
#1 E:\yiiTest\framework\web\CController.php(866): quelistController->renderFile()
#2 E:\yiiTest\framework\web\CController.php(779): quelistController->renderPartial()
#3 E:\yiiTest\app\protected\controllers\quelistController.php(6): quelistController->render()
#4 E:\yiiTest\framework\web\actions\CInlineAction.php(50): quelistController->actionIndex()
#5 E:\yiiTest\framework\web\CController.php(300): CInlineAction->runWithParams()
#6 E:\yiiTest\framework\web\CController.php(278): quelistController->runAction()
#7 E:\yiiTest\framework\web\CController.php(257): quelistController->runActionWithFilters()
#8 E:\yiiTest\framework\web\CWebApplication.php(328): quelistController->run()
#9 E:\yiiTest\framework\web\CWebApplication.php(121): CWebApplication->runController()
#10 E:\yiiTest\framework\base\CApplication.php(155): CWebApplication->processRequest()
#11 E:\yiiTest\app\index.php(13): CWebApplication->run()
REQUEST_URI=/index.php/quelist/index
in E:\yiiTest\app\protected\views\quelist\quelist.php (24)
in E:\yiiTest\app\protected\controllers\quelistController.php (6)
in E:\yiiTest\app\index.php (13)
2014/10/30 07:28:13 [error] [exception.CException] exception 'CException' with message 'The "dataProvider" property cannot be empty.' in E:\yiiTest\framework\zii\widgets\CBaseListView.php:103
Stack trace:
#0 E:\yiiTest\framework\zii\widgets\grid\CGridView.php(258): CBaseListView->init()
#1 E:\yiiTest\app\protected\extensions\bootstrap\widgets\TbGridView.php(50): CGridView->init()
#2 E:\yiiTest\framework\web\CBaseController.php(140): TbGridView->init()
#3 E:\yiiTest\framework\web\CBaseController.php(165): CBaseController->createWidget('bootstrap.widge...', Array)
#4 E:\yiiTest\app\protected\views\quelist\quelist.php(83): CBaseController->widget('bootstrap.widge...', Array)
#5 E:\yiiTest\framework\web\CBaseController.php(119): require('E:\yiiTest\app\...')
#6 E:\yiiTest\framework\web\CBaseController.php(88): CBaseController->renderInternal('E:\yiiTest\app\...', NULL, true)
#7 E:\yiiTest\framework\web\CController.php(866): CBaseController->renderFile('E:\yiiTest\app\...', NULL, true)
#8 E:\yiiTest\framework\web\CController.php(779): CController->renderPartial('quelist', NULL, true)
#9 E:\yiiTest\app\protected\controllers\quelistController.php(6): CController->render('quelist')
#10 E:\yiiTest\framework\web\actions\CInlineAction.php(50): quelistController->actionIndex()
#11 E:\yiiTest\framework\web\CController.php(300): CInlineAction->runWithParams(Array)
#12 E:\yiiTest\framework\web\CController.php(278): CController->runAction(Object(CInlineAction))
#13 E:\yiiTest\framework\web\CController.php(257): CController->runActionWithFilters(Object(CInlineAction), Array)
#14 E:\yiiTest\framework\web\CWebApplication.php(328): CController->run('index')
#15 E:\yiiTest\framework\web\CWebApplication.php(121): CWebApplication->runController('quelist/index')
#16 E:\yiiTest\framework\base\CApplication.php(155): CWebApplication->processRequest()
#17 E:\yiiTest\app\index.php(13): CApplication->run()
#18 {main} REQUEST_URI=/index.php/quelist/index
2014/10/30 07:31:22 [error] [exception.CException] exception 'CException' with message 'The "dataProvider" property cannot be empty.' in E:\yiiTest\framework\zii\widgets\CBaseListView.php:103
Stack trace:
#0 E:\yiiTest\framework\zii\widgets\grid\CGridView.php(258): CBaseListView->init()
#1 E:\yiiTest\app\protected\extensions\bootstrap\widgets\TbGridView.php(50): CGridView->init()
#2 E:\yiiTest\framework\web\CBaseController.php(140): TbGridView->init()
#3 E:\yiiTest\framework\web\CBaseController.php(165): CBaseController->createWidget('bootstrap.widge...', Array)
#4 E:\yiiTest\app\protected\views\quelist\quelist.php(83): CBaseController->widget('bootstrap.widge...', Array)
#5 E:\yiiTest\framework\web\CBaseController.php(119): require('E:\yiiTest\app\...')
#6 E:\yiiTest\framework\web\CBaseController.php(88): CBaseController->renderInternal('E:\yiiTest\app\...', NULL, true)
#7 E:\yiiTest\framework\web\CController.php(866): CBaseController->renderFile('E:\yiiTest\app\...', NULL, true)
#8 E:\yiiTest\framework\web\CController.php(779): CController->renderPartial('quelist', NULL, true)
#9 E:\yiiTest\app\protected\controllers\quelistController.php(6): CController->render('quelist')
#10 E:\yiiTest\framework\web\actions\CInlineAction.php(50): quelistController->actionIndex()
#11 E:\yiiTest\framework\web\CController.php(300): CInlineAction->runWithParams(Array)
#12 E:\yiiTest\framework\web\CController.php(278): CController->runAction(Object(CInlineAction))
#13 E:\yiiTest\framework\web\CController.php(257): CController->runActionWithFilters(Object(CInlineAction), Array)
#14 E:\yiiTest\framework\web\CWebApplication.php(328): CController->run('index')
#15 E:\yiiTest\framework\web\CWebApplication.php(121): CWebApplication->runController('quelist/index')
#16 E:\yiiTest\framework\base\CApplication.php(155): CWebApplication->processRequest()
#17 E:\yiiTest\app\index.php(13): CApplication->run()
#18 {main} REQUEST_URI=/index.php/quelist/index
2014/11/10 03:15:02 [error] [php] print_r() expects at most 2 parameters, 3 given (E:\yiiTest\app\protected\views\index\index.php:82)
Stack trace:
#0 E:\yiiTest\framework\web\CBaseController.php(88): IndexController->renderInternal()
#1 E:\yiiTest\framework\web\CController.php(866): IndexController->renderFile()
#2 E:\yiiTest\framework\web\CController.php(779): IndexController->renderPartial()
#3 E:\yiiTest\app\protected\controllers\IndexController.php(6): IndexController->render()
#4 E:\yiiTest\framework\web\actions\CInlineAction.php(50): IndexController->actionIndex()
#5 E:\yiiTest\framework\web\CController.php(300): CInlineAction->runWithParams()
#6 E:\yiiTest\framework\web\CController.php(278): IndexController->runAction()
#7 E:\yiiTest\framework\web\CController.php(257): IndexController->runActionWithFilters()
#8 E:\yiiTest\framework\web\CWebApplication.php(328): IndexController->run()
#9 E:\yiiTest\framework\web\CWebApplication.php(121): CWebApplication->runController()
#10 E:\yiiTest\framework\base\CApplication.php(155): CWebApplication->processRequest()
#11 E:\yiiTest\app\index.php(13): CWebApplication->run()
REQUEST_URI=/app/
in E:\yiiTest\app\protected\views\index\index.php (82)
in E:\yiiTest\app\protected\controllers\IndexController.php (6)
in E:\yiiTest\app\index.php (13)
2014/11/11 02:04:43 [error] [php] setcookie() expects parameter 3 to be long, string given (E:\yiiTest\app\protected\views\index\index.php:105)
Stack trace:
#0 E:\yiiTest\framework\web\CBaseController.php(88): IndexController->renderInternal()
#1 E:\yiiTest\framework\web\CController.php(866): IndexController->renderFile()
#2 E:\yiiTest\framework\web\CController.php(779): IndexController->renderPartial()
#3 E:\yiiTest\app\protected\controllers\IndexController.php(6): IndexController->render()
#4 E:\yiiTest\framework\web\actions\CInlineAction.php(50): IndexController->actionIndex()
#5 E:\yiiTest\framework\web\CController.php(300): CInlineAction->runWithParams()
#6 E:\yiiTest\framework\web\CController.php(278): IndexController->runAction()
#7 E:\yiiTest\framework\web\CController.php(257): IndexController->runActionWithFilters()
#8 E:\yiiTest\framework\web\CWebApplication.php(328): IndexController->run()
#9 E:\yiiTest\framework\web\CWebApplication.php(121): CWebApplication->runController()
#10 E:\yiiTest\framework\base\CApplication.php(155): CWebApplication->processRequest()
#11 E:\yiiTest\app\index.php(13): CWebApplication->run()
REQUEST_URI=/app/
in E:\yiiTest\app\protected\views\index\index.php (105)
in E:\yiiTest\app\protected\controllers\IndexController.php (6)
in E:\yiiTest\app\index.php (13)
2014/11/11 02:05:07 [error] [php] setcookie() expects parameter 3 to be long, string given (E:\yiiTest\app\protected\views\index\index.php:105)
Stack trace:
#0 E:\yiiTest\framework\web\CBaseController.php(88): IndexController->renderInternal()
#1 E:\yiiTest\framework\web\CController.php(866): IndexController->renderFile()
#2 E:\yiiTest\framework\web\CController.php(779): IndexController->renderPartial()
#3 E:\yiiTest\app\protected\controllers\IndexController.php(6): IndexController->render()
#4 E:\yiiTest\framework\web\actions\CInlineAction.php(50): IndexController->actionIndex()
#5 E:\yiiTest\framework\web\CController.php(300): CInlineAction->runWithParams()
#6 E:\yiiTest\framework\web\CController.php(278): IndexController->runAction()
#7 E:\yiiTest\framework\web\CController.php(257): IndexController->runActionWithFilters()
#8 E:\yiiTest\framework\web\CWebApplication.php(328): IndexController->run()
#9 E:\yiiTest\framework\web\CWebApplication.php(121): CWebApplication->runController()
#10 E:\yiiTest\framework\base\CApplication.php(155): CWebApplication->processRequest()
#11 E:\yiiTest\app\index.php(13): CWebApplication->run()
REQUEST_URI=/app/
in E:\yiiTest\app\protected\views\index\index.php (105)
in E:\yiiTest\app\protected\controllers\IndexController.php (6)
in E:\yiiTest\app\index.php (13)
2014/11/30 00:46:54 [error] [php] mysql_connect():  (E:\yiiTest\app\protected\views\index\index.php:118)
Stack trace:
#0 E:\yiiTest\framework\web\CBaseController.php(88): IndexController->renderInternal()
#1 E:\yiiTest\framework\web\CController.php(866): IndexController->renderFile()
#2 E:\yiiTest\framework\web\CController.php(779): IndexController->renderPartial()
#3 E:\yiiTest\app\protected\controllers\IndexController.php(6): IndexController->render()
#4 E:\yiiTest\framework\web\actions\CInlineAction.php(50): IndexController->actionIndex()
#5 E:\yiiTest\framework\web\CController.php(300): CInlineAction->runWithParams()
#6 E:\yiiTest\framework\web\CController.php(278): IndexController->runAction()
#7 E:\yiiTest\framework\web\CController.php(257): IndexController->runActionWithFilters()
#8 E:\yiiTest\framework\web\CWebApplication.php(328): IndexController->run()
#9 E:\yiiTest\framework\web\CWebApplication.php(121): CWebApplication->runController()
#10 E:\yiiTest\framework\base\CApplication.php(155): CWebApplication->processRequest()
#11 E:\yiiTest\app\index.php(13): CWebApplication->run()
REQUEST_URI=/
in E:\yiiTest\app\protected\views\index\index.php (118)
in E:\yiiTest\app\protected\controllers\IndexController.php (6)
in E:\yiiTest\app\index.php (13)
